20.9.2009 [18:7:54] Gamemode exit...
21.9.2009 [0:59:22] Gamemode starting...
21.9.2009 [0:59:22] Gamemode: SimpleDM v.0.3
21.9.2009 [0:59:22] Classes: 304
21.9.2009 [0:59:22] Vehicles: 254 (Types: 49)
21.9.2009 [0:59:22] Pickups: 3
21.9.2009 [0:59:22] Teams: 10
21.9.2009 [0:59:22] Gamemode started!
21.9.2009 [1:1:6] Prince_of_Persia (id: 0) connected to the server
21.9.2009 [1:1:13] Prince_of_Persia (id: 0) spawned
21.9.2009 [1:2:15] Global save done
21.9.2009 [1:2:15] Gamemode exit...
21.9.2009 [1:2:19] Gamemode starting...
21.9.2009 [1:2:19] Gamemode: SimpleDM v.0.3
21.9.2009 [1:2:19] Classes: 304
21.9.2009 [1:2:19] Vehicles: 254 (Types: 49)
21.9.2009 [1:2:19] Pickups: 3
21.9.2009 [1:2:19] Teams: 10
21.9.2009 [1:2:19] Gamemode started!
21.9.2009 [1:3:24] Gamemode starting...
21.9.2009 [1:3:24] Gamemode: SimpleDM v.0.3
21.9.2009 [1:3:24] Classes: 304
21.9.2009 [1:3:24] Vehicles: 254 (Types: 49)
21.9.2009 [1:3:24] Pickups: 3
21.9.2009 [1:3:24] Teams: 10
21.9.2009 [1:3:24] Gamemode started!
21.9.2009 [1:3:39] Prince_of_Persia (id: 0) connected to the server
21.9.2009 [1:3:43] Prince_of_Persia (id: 0) spawned
21.9.2009 [1:19:37] Prince_of_Persia (id: 0) kicked by the server: Staying on one place for too long
21.9.2009 [1:19:37] Prince_of_Persia (id: 0) disconnected from the server
21.9.2009 [1:25:23] Global save done
21.9.2009 [1:25:23] Gamemode exit...
21.9.2009 [14:52:17] Gamemode starting...
21.9.2009 [14:52:17] Gamemode: SimpleDM v.0.3
21.9.2009 [14:52:17] Classes: 304
21.9.2009 [14:52:17] Vehicles: 254 (Types: 49)
21.9.2009 [14:52:17] Pickups: 3
21.9.2009 [14:52:17] Teams: 10
21.9.2009 [14:52:17] Gamemode started!
21.9.2009 [14:52:19] Gamemode starting...
21.9.2009 [14:52:19] Gamemode: SimpleDM v.0.3
21.9.2009 [14:52:19] Classes: 304
21.9.2009 [14:52:19] Vehicles: 254 (Types: 49)
21.9.2009 [14:52:19] Pickups: 3
21.9.2009 [14:52:19] Teams: 10
21.9.2009 [14:52:19] Gamemode started!
21.9.2009 [17:23:55] Gamemode starting...
21.9.2009 [17:23:55] Gamemode: SimpleDM v.0.3
21.9.2009 [17:23:55] Classes: 304
21.9.2009 [17:23:55] Vehicles: 254 (Types: 49)
21.9.2009 [17:23:55] Pickups: 3
21.9.2009 [17:23:55] Teams: 10
21.9.2009 [17:23:55] Gamemode started!
21.9.2009 [17:27:43] Gamemode starting...
21.9.2009 [17:27:43] Gamemode: SimpleDM v.0.3
21.9.2009 [17:27:43] Classes: 304
21.9.2009 [17:27:43] Vehicles: 254 (Types: 49)
21.9.2009 [17:27:43] Pickups: 3
21.9.2009 [17:27:43] Teams: 10
21.9.2009 [17:27:43] Gamemode started!
21.9.2009 [17:27:58] Prince_of_Persia (id: 0) connected to the server
21.9.2009 [17:28:6] Prince_of_Persia (id: 0) spawned
21.9.2009 [17:28:16] _SaNyA_ (id: 1) connected to the server
21.9.2009 [17:28:24] _SaNyA_ (id: 1) spawned
21.9.2009 [17:29:4] _SaNyA_ (id: 1): èç òàáà àäìèí êîìàíäû óáåðè
21.9.2009 [17:29:30] Prince_of_Persia (id: 0): ýòî ó àäìèíîâ òîëüêî áóäåò
21.9.2009 [17:29:40] _SaNyA_ (id: 1): íó ÿ çíàþ âñ¸ ðàâíî óáåðè
21.9.2009 [17:29:49] Prince_of_Persia (id: 0): òàê ëó÷øå
21.9.2009 [17:29:53] _SaNyA_ (id: 1): è íàä ãîëîâîé ñäåàëåøü ÷òîáû ìèãàëî ÀÄÌÈÍ
21.9.2009 [17:30:2] Prince_of_Persia (id: 0): ó ïðîñòîãî èãðîêà íåáóäåò àäìèí êîìàíä
21.9.2009 [17:30:8] _SaNyA_ (id: 1): ÿ ïîíÿë 
21.9.2009 [17:30:10] _SaNyA_ (id: 1): ÿ ïîíÿë 
21.9.2009 [17:30:12] _SaNyA_ (id: 1): è íàä ãîëîâîé ñäåàëåøü ÷òîáû ìèãàëî ÀÄÌÈÍ
21.9.2009 [17:31:0] _SaNyA_ (id: 1): äåíèñ ñäåëàé äèàëîãîâîå îêíî íà êîììàíäó /admins
21.9.2009 [17:31:21] Prince_of_Persia (id: 0): îê
21.9.2009 [17:31:30] _SaNyA_ (id: 1): äåíèñ
21.9.2009 [17:31:54] _SaNyA_ (id: 1): è ñäåëàé âñå êîëìàíäû è êîãäà òï ê èãðîêó ÷òîáû âåñü òåêñò áûë çåë¸íûé
21.9.2009 [17:32:17] _SaNyA_ (id: 1): ÷òîáû ïîãîäà àâòîìàòè÷åñêè ìåíÿëàñü
21.9.2009 [17:32:50] _SaNyA_ (id: 1): è êîãäà ââîäèøü íåâåðíóþ êîìàíäó ñäåëàé ÷òîáû âîáùå íè÷åãî íå ïèñàëî
21.9.2009 [17:32:59] Prince_of_Persia (id: 0): sad
21.9.2009 [17:33:4] _SaNyA_ (id: 1): ÷òî?
21.9.2009 [17:33:28] Prince_of_Persia (id: 0): òåáå pwn òîæå íóæåí?
21.9.2009 [17:33:35] _SaNyA_ (id: 1): êîíå÷íî
21.9.2009 [17:33:57] Prince_of_Persia (id: 0): òîëüêî ñðàçó ãîâîðþ íè÷åãî íå óáåðàé
21.9.2009 [17:34:3] Prince_of_Persia (id: 0): òîëüêî äîáàâëÿòü ìîæåøü
21.9.2009 [17:34:5] _SaNyA_ (id: 1): ëàäíî
21.9.2009 [17:34:21] _SaNyA_ (id: 1): äåëàé âñ¸ â òî÷íîñòè êàê ó òåáÿ òîëüêî óáåð òî ÷òî íå õî÷åøü äàâàòü
21.9.2009 [17:34:39] Prince_of_Persia (id: 0): íå âñ¸ â òî÷íîñòè áóäåò
21.9.2009 [17:34:48] Prince_of_Persia (id: 0): ó òåáÿ åù¸ ñïèäîìåðò áóäåò))
21.9.2009 [17:34:50] _SaNyA_ (id: 1): íó ÿ æå ãîâîðþ óáåðàé âñ¸ òî ÷òî íåõî÷åøü
21.9.2009 [17:34:55] Prince_of_Persia (id: 0): êàê ó ìåíÿ ðàíüøå áûë
21.9.2009 [17:35:14] _SaNyA_ (id: 1): êñòàòå íåçàáóäü ïîñòàâèòü àíòèêàïñ àíòè ñïàì â ïåðâóþ î÷åðåäü
21.9.2009 [17:35:23] _SaNyA_ (id: 1): è àíòèìàò
21.9.2009 [17:35:27] Prince_of_Persia (id: 0): íó àíè òî åñòü
21.9.2009 [17:35:29] Prince_of_Persia (id: 0): óæå
21.9.2009 [17:35:32] _SaNyA_ (id: 1): ñóêà
21.9.2009 [17:35:42] Prince_of_Persia (id: 0): òîëüêî íå âêëþ÷åíû
21.9.2009 [17:35:45] _SaNyA_ (id: 1): 77.77.77.777:7777
21.9.2009 [17:35:53] _SaNyA_ (id: 1): áëÿòü
21.9.2009 [17:35:55] _SaNyA_ (id: 1): 77.77.77.777:7777
21.9.2009 [17:36:11] Prince_of_Persia (id: 0): àíòèìàò íà àäìèíîâ íå äåéñòâóåò
21.9.2009 [17:36:24] _SaNyA_ (id: 1): à íà òâî¸ì ñåðâåðå äåéñòâéóåò
21.9.2009 [17:36:35] _SaNyA_ (id: 1): áëÿòü
21.9.2009 [17:36:36] _SaNyA_ (id: 1): áëÿòü
21.9.2009 [17:36:43] _SaNyA_ (id: 1): âîò ÿ ñíÿë ñ ñåáÿ àäìèíêó
21.9.2009 [17:36:44] Prince_of_Persia (id: 0): õîòÿ õç
21.9.2009 [17:36:50] _SaNyA_ (id: 1): è âñ¸ ðàâíî
21.9.2009 [17:36:55] Prince_of_Persia (id: 0): òàì æå åù¸ ñïåöèàëüíûé ôàéëèê åñòü
21.9.2009 [17:37:5] Prince_of_Persia (id: 0): êóäà íàäî âïèñûâàòü ìàòåðíûå ñëîâà
21.9.2009 [17:37:18] _SaNyA_ (id: 1): è ñäåëàé îáÿçàòåëüíî àíòèðåêëàìó
21.9.2009 [17:37:45] Prince_of_Persia (id: 0): ó òåáÿ åù¸ àíèìàöèè áóäóò
21.9.2009 [17:38:11] Prince_of_Persia (id: 0): êîãäà íà àëüò íàæèìàòü áóäåøü òàììåíþøêà êàê ó ìåíÿ áóäåò
21.9.2009 [17:38:19] _SaNyA_ (id: 1): îê 
21.9.2009 [17:38:28] _SaNyA_ (id: 1): ñäåëàé èä èãðîêà â ÷àòå îáÿçàòåëüíî
21.9.2009 [17:38:29] Prince_of_Persia (id: 0): êëèêíè íà ñåáÿ
21.9.2009 [17:38:33] Prince_of_Persia (id: 0): òàêàÿ áóäåò
21.9.2009 [17:38:33] _SaNyA_ (id: 1): ÿ âèäåë
21.9.2009 [17:38:58] _SaNyA_ (id: 1): âñ¸ äåëàé àíòèìàò àíòèðåêëàìó èä èãðîêà â ÷àòå
21.9.2009 [17:39:30] Prince_of_Persia (id: 0): ÿ çíàþ ÷òî äåëàòü)
21.9.2009 [17:39:49] Prince_of_Persia (id: 0): ëàíà åñëè ÷¸ íà ñâÿçè áóäü! òåñòèòü áóäåì
21.9.2009 [17:39:56] Prince_of_Persia (id: 0): åñëè ÷òî íàäî áóäåò
21.9.2009 [17:39:59] Prince_of_Persia (id: 0): îê
21.9.2009 [17:40:3] Prince_of_Persia (id: 0): ÿ far
21.9.2009 [19:2:0] Gamemode starting...
21.9.2009 [19:2:0] Gamemode: SimpleDM v.0.3
21.9.2009 [19:2:0] Classes: 304
21.9.2009 [19:2:0] Vehicles: 254 (Types: 49)
21.9.2009 [19:2:0] Pickups: 3
21.9.2009 [19:2:0] Teams: 10
21.9.2009 [19:2:0] Gamemode started!
21.9.2009 [19:2:22] Prince_of_Persia (id: 0) connected to the server
21.9.2009 [19:2:27] Prince_of_Persia (id: 0) spawned
21.9.2009 [19:6:33] Prince_of_Persia (id: 0) kicked by the server: Staying on one place for too long
21.9.2009 [19:6:33] Prince_of_Persia (id: 0) disconnected from the server
21.9.2009 [19:35:55] Global save done
21.9.2009 [19:54:55] Global save done
21.9.2009 [19:54:55] Gamemode exit...
22.9.2009 [12:30:16] Gamemode starting...
22.9.2009 [12:30:16] Gamemode: SimpleDM v.0.3
22.9.2009 [12:30:16] Classes: 304
22.9.2009 [12:30:16] Vehicles: 254 (Types: 49)
22.9.2009 [12:30:16] Pickups: 3
22.9.2009 [12:30:16] Teams: 10
22.9.2009 [12:30:16] Gamemode started!
22.9.2009 [12:31:23] Gamemode starting...
22.9.2009 [12:31:23] Gamemode: SimpleDM v.0.3
22.9.2009 [12:31:23] Classes: 304
22.9.2009 [12:31:23] Vehicles: 254 (Types: 49)
22.9.2009 [12:31:23] Pickups: 3
22.9.2009 [12:31:23] Teams: 10
22.9.2009 [12:31:23] Gamemode started!
22.9.2009 [12:31:39] Prince_of_Persia (id: 0) connected to the server
22.9.2009 [12:31:48] Prince_of_Persia (id: 0) spawned
22.9.2009 [12:33:14] Prince_of_Persia (id: 0) suicided
22.9.2009 [12:33:30] Prince_of_Persia (id: 0) spawned
22.9.2009 [12:34:58] Prince_of_Persia (id: 0) suicided
22.9.2009 [12:35:2] Prince_of_Persia (id: 0) spawned
22.9.2009 [12:35:6] Prince_of_Persia (id: 0) suicided
22.9.2009 [12:35:15] Prince_of_Persia (id: 0) spawned
22.9.2009 [12:35:46] Prince_of_Persia (id: 0) disconnected from the server
22.9.2009 [12:36:0] Global save done
22.9.2009 [12:36:0] Gamemode exit...
22.9.2009 [12:36:6] Gamemode starting...
22.9.2009 [12:36:6] Gamemode: SimpleDM v.0.3
22.9.2009 [12:36:6] Classes: 304
22.9.2009 [12:36:6] Vehicles: 254 (Types: 49)
22.9.2009 [12:36:6] Pickups: 3
22.9.2009 [12:36:6] Teams: 10
22.9.2009 [12:36:6] Gamemode started!
22.9.2009 [12:36:47] Prince_of_Persia (id: 0) connected to the server
22.9.2009 [12:36:53] Prince_of_Persia (id: 0) spawned
22.9.2009 [12:38:3] Prince_of_Persia (id: 0) disconnected from the server
22.9.2009 [12:39:24] Global save done
22.9.2009 [12:39:24] Gamemode exit...
22.9.2009 [12:40:1] Gamemode starting...
22.9.2009 [12:40:1] Gamemode: SimpleDM v.0.3
22.9.2009 [12:40:1] Classes: 304
22.9.2009 [12:40:1] Vehicles: 254 (Types: 49)
22.9.2009 [12:40:1] Pickups: 3
22.9.2009 [12:40:1] Teams: 10
22.9.2009 [12:40:1] Gamemode started!
22.9.2009 [12:40:25] Global save done
22.9.2009 [12:40:25] Gamemode exit...
22.9.2009 [12:40:29] Gamemode starting...
22.9.2009 [12:40:29] Gamemode: SimpleDM v.0.3
22.9.2009 [12:40:29] Classes: 304
22.9.2009 [12:40:29] Vehicles: 254 (Types: 49)
22.9.2009 [12:40:29] Pickups: 3
22.9.2009 [12:40:29] Teams: 10
22.9.2009 [12:40:29] Gamemode started!
22.9.2009 [12:40:49] Prince_of_Persia (id: 0) connected to the server
22.9.2009 [12:40:54] Prince_of_Persia (id: 0) spawned
22.9.2009 [12:42:2] Prince_of_Persia (id: 0) suicided
22.9.2009 [12:42:13] Prince_of_Persia (id: 0) spawned
22.9.2009 [12:42:34] Prince_of_Persia (id: 0) disconnected from the server
22.9.2009 [12:44:31] Gamemode starting...
22.9.2009 [12:44:31] Gamemode: SimpleDM v.0.3
22.9.2009 [12:44:31] Classes: 304
22.9.2009 [12:44:31] Vehicles: 254 (Types: 49)
22.9.2009 [12:44:31] Pickups: 3
22.9.2009 [12:44:31] Teams: 10
22.9.2009 [12:44:31] Gamemode started!
22.9.2009 [12:44:52] Prince_of_Persia (id: 0) connected to the server
22.9.2009 [12:44:57] Prince_of_Persia (id: 0) spawned
22.9.2009 [12:46:36] Prince_of_Persia (id: 0) suicided
22.9.2009 [12:46:39] Prince_of_Persia (id: 0) spawned
22.9.2009 [12:48:4] Prince_of_Persia (id: 0) suicided
22.9.2009 [12:48:8] Prince_of_Persia (id: 0) spawned
22.9.2009 [12:56:28] Prince_of_Persia (id: 0) disconnected from the server
22.9.2009 [12:56:35] Global save done
22.9.2009 [12:56:35] Gamemode exit...
22.9.2009 [12:56:37] Gamemode starting...
22.9.2009 [12:56:37] Gamemode: SimpleDM v.0.3
22.9.2009 [12:56:37] Classes: 304
22.9.2009 [12:56:37] Vehicles: 254 (Types: 49)
22.9.2009 [12:56:37] Pickups: 3
22.9.2009 [12:56:37] Teams: 10
22.9.2009 [12:56:37] Gamemode started!
22.9.2009 [12:56:59] Prince_of_Persia (id: 0) connected to the server
22.9.2009 [12:57:3] Prince_of_Persia (id: 0) spawned
22.9.2009 [12:58:6] Prince_of_Persia (id: 0) suicided
22.9.2009 [12:58:15] Prince_of_Persia (id: 0) spawned
22.9.2009 [12:58:57] Prince_of_Persia (id: 0) disconnected from the server
22.9.2009 [12:59:29] Global save done
22.9.2009 [12:59:29] Gamemode exit...
22.9.2009 [12:59:32] Gamemode starting...
22.9.2009 [12:59:32] Gamemode: SimpleDM v.0.3
22.9.2009 [12:59:32] Classes: 304
22.9.2009 [12:59:32] Vehicles: 254 (Types: 49)
22.9.2009 [12:59:32] Pickups: 3
22.9.2009 [12:59:32] Teams: 10
22.9.2009 [12:59:32] Gamemode started!
22.9.2009 [12:59:52] Prince_of_Persia (id: 0) connected to the server
22.9.2009 [12:59:58] Prince_of_Persia (id: 0) spawned
22.9.2009 [13:0:9] Prince_of_Persia (id: 0) suicided
22.9.2009 [13:0:19] Prince_of_Persia (id: 0) spawned
22.9.2009 [13:5:9] Prince_of_Persia (id: 0) kicked by the server: Staying on one place for too long
22.9.2009 [13:5:9] Prince_of_Persia (id: 0) disconnected from the server
22.9.2009 [13:33:29] Global save done
22.9.2009 [14:6:43] Global save done
22.9.2009 [14:35:18] Global save done
22.9.2009 [14:35:18] Gamemode exit...
22.9.2009 [15:42:25] Gamemode starting...
22.9.2009 [15:42:25] Gamemode: SimpleDM v.0.3
22.9.2009 [15:42:25] Classes: 304
22.9.2009 [15:42:25] Vehicles: 254 (Types: 49)
22.9.2009 [15:42:25] Pickups: 3
22.9.2009 [15:42:25] Teams: 10
22.9.2009 [15:42:25] Gamemode started!
22.9.2009 [15:42:55] Prince_of_Persia (id: 0) connected to the server
22.9.2009 [15:43:12] Prince_of_Persia (id: 0) spawned
22.9.2009 [15:48:18] Global save done
22.9.2009 [15:48:18] Gamemode exit...
22.9.2009 [15:48:20] Gamemode starting...
22.9.2009 [15:48:20] Gamemode: SimpleDM v.0.3
22.9.2009 [15:48:20] Classes: 304
22.9.2009 [15:48:20] Vehicles: 254 (Types: 49)
22.9.2009 [15:48:20] Pickups: 3
22.9.2009 [15:48:20] Teams: 10
22.9.2009 [15:48:20] Gamemode started!
22.9.2009 [15:48:53] Prince_of_Persia (id: 0) connected to the server
22.9.2009 [15:48:57] Prince_of_Persia (id: 0) spawned
22.9.2009 [15:59:12] Prince_of_Persia (id: 0) kicked by the server: Staying on one place for too long
22.9.2009 [15:59:12] Prince_of_Persia (id: 0) disconnected from the server
22.9.2009 [16:21:5] Global save done
22.9.2009 [16:55:1] Global save done
22.9.2009 [17:2:51] Global save done
22.9.2009 [17:2:51] Gamemode exit...
22.9.2009 [17:22:55] Gamemode starting...
22.9.2009 [17:22:55] Gamemode: SimpleDM v.0.3
22.9.2009 [17:22:55] Classes: 304
22.9.2009 [17:22:55] Vehicles: 254 (Types: 49)
22.9.2009 [17:22:55] Pickups: 3
22.9.2009 [17:22:55] Teams: 10
22.9.2009 [17:22:55] Gamemode started!
22.9.2009 [17:25:0] Gamemode starting...
22.9.2009 [17:25:0] Gamemode: SimpleDM v.0.3
22.9.2009 [17:25:0] Classes: 304
22.9.2009 [17:25:0] Vehicles: 254 (Types: 49)
22.9.2009 [17:25:0] Pickups: 3
22.9.2009 [17:25:0] Teams: 10
22.9.2009 [17:25:0] Gamemode started!
22.9.2009 [17:25:11] Prince_of_Persia (id: 0) connected to the server
22.9.2009 [17:25:15] Prince_of_Persia (id: 0) spawned
22.9.2009 [17:33:37] Prince_of_Persia (id: 0) suicided
22.9.2009 [17:33:49] Prince_of_Persia (id: 0) spawned
22.9.2009 [17:41:16] Prince_of_Persia (id: 0) kicked by the server: Staying on one place for too long
22.9.2009 [17:41:16] Prince_of_Persia (id: 0) disconnected from the server
22.9.2009 [17:58:6] Global save done
22.9.2009 [18:17:59] Global save done
22.9.2009 [18:17:59] Gamemode exit...
23.9.2009 [13:57:48] Gamemode starting...
23.9.2009 [13:57:48] Gamemode: SimpleDM v.0.3
23.9.2009 [13:57:48] Classes: 304
23.9.2009 [13:57:48] Vehicles: 254 (Types: 49)
23.9.2009 [13:57:48] Pickups: 3
23.9.2009 [13:57:48] Teams: 10
23.9.2009 [13:57:48] Gamemode started!
23.9.2009 [13:57:48] Global save done
23.9.2009 [13:57:48] Gamemode exit...
23.9.2009 [14:0:37] Gamemode starting...
23.9.2009 [14:0:37] Gamemode: SimpleDM v.0.3
23.9.2009 [14:0:37] Classes: 304
23.9.2009 [14:0:37] Vehicles: 254 (Types: 49)
23.9.2009 [14:0:37] Pickups: 3
23.9.2009 [14:0:37] Teams: 10
23.9.2009 [14:0:37] Gamemode started!
23.9.2009 [14:1:4] Prince_of_Persia (id: 0) connected to the server
23.9.2009 [14:1:9] Prince_of_Persia (id: 0) spawned
23.9.2009 [14:2:14] Prince_of_Persia (id: 0) suicided
23.9.2009 [14:2:18] Prince_of_Persia (id: 0) spawned
23.9.2009 [14:4:26] Prince_of_Persia (id: 0) suicided
23.9.2009 [14:4:30] Prince_of_Persia (id: 0) spawned
23.9.2009 [14:6:32] Prince_of_Persia (id: 0) suicided
23.9.2009 [14:6:36] Prince_of_Persia (id: 0) spawned
23.9.2009 [14:7:0] Prince_of_Persia (id: 0) suicided
23.9.2009 [14:7:4] Prince_of_Persia (id: 0) spawned
23.9.2009 [14:12:25] Global save done
23.9.2009 [14:12:25] Gamemode exit...
23.9.2009 [14:12:39] Gamemode starting...
23.9.2009 [14:12:39] Gamemode: SimpleDM v.0.3
23.9.2009 [14:12:39] Classes: 304
23.9.2009 [14:12:39] Vehicles: 254 (Types: 49)
23.9.2009 [14:12:39] Pickups: 3
23.9.2009 [14:12:39] Teams: 10
23.9.2009 [14:12:39] Gamemode started!
23.9.2009 [14:13:8] Prince_of_Persia (id: 0) connected to the server
23.9.2009 [14:13:15] Prince_of_Persia (id: 0) spawned
23.9.2009 [14:18:3] Global save done
23.9.2009 [14:18:3] Gamemode exit...
23.9.2009 [14:18:5] Gamemode starting...
23.9.2009 [14:18:5] Gamemode: SimpleDM v.0.3
23.9.2009 [14:18:5] Classes: 304
23.9.2009 [14:18:5] Vehicles: 254 (Types: 49)
23.9.2009 [14:18:5] Pickups: 3
23.9.2009 [14:18:5] Teams: 10
23.9.2009 [14:18:5] Gamemode started!
23.9.2009 [14:18:30] Prince_of_Persia (id: 0) connected to the server
23.9.2009 [14:18:37] Prince_of_Persia (id: 0) spawned
23.9.2009 [14:19:20] Prince_of_Persia (id: 0) disconnected from the server
23.9.2009 [14:19:27] Global save done
23.9.2009 [14:19:27] Gamemode exit...
23.9.2009 [14:19:30] Gamemode starting...
23.9.2009 [14:19:30] Gamemode: SimpleDM v.0.3
23.9.2009 [14:19:30] Classes: 304
23.9.2009 [14:19:30] Vehicles: 254 (Types: 49)
23.9.2009 [14:19:30] Pickups: 3
23.9.2009 [14:19:30] Teams: 10
23.9.2009 [14:19:30] Gamemode started!
23.9.2009 [14:19:31] Global save done
23.9.2009 [14:19:31] Gamemode exit...
23.9.2009 [14:19:50] Gamemode starting...
23.9.2009 [14:19:50] Gamemode: SimpleDM v.0.3
23.9.2009 [14:19:50] Classes: 304
23.9.2009 [14:19:50] Vehicles: 254 (Types: 49)
23.9.2009 [14:19:50] Pickups: 3
23.9.2009 [14:19:50] Teams: 10
23.9.2009 [14:19:50] Gamemode started!
23.9.2009 [14:20:10] Prince_of_Persia (id: 0) connected to the server
23.9.2009 [14:20:17] Prince_of_Persia (id: 0) spawned
23.9.2009 [14:22:7] Global save done
23.9.2009 [14:22:7] Gamemode exit...
23.9.2009 [14:22:22] Gamemode starting...
23.9.2009 [14:22:22] Gamemode: SimpleDM v.0.3
23.9.2009 [14:22:22] Classes: 304
23.9.2009 [14:22:22] Vehicles: 254 (Types: 49)
23.9.2009 [14:22:22] Pickups: 3
23.9.2009 [14:22:22] Teams: 10
23.9.2009 [14:22:22] Gamemode started!
23.9.2009 [14:22:41] Prince_of_Persia (id: 0) connected to the server
23.9.2009 [14:22:47] Prince_of_Persia (id: 0) spawned
23.9.2009 [14:24:23] Prince_of_Persia (id: 0) disconnected from the server
23.9.2009 [14:26:28] Prince_of_Persia (id: 0) connected to the server
23.9.2009 [14:26:35] Prince_of_Persia (id: 0) spawned
23.9.2009 [14:26:56] Prince_of_Persia (id: 0) disconnected from the server
23.9.2009 [14:57:1] Global save done
23.9.2009 [14:58:9] Global save done
23.9.2009 [14:58:9] Gamemode exit...
